mode: set
github.com/cfunkhouser/forwarded/forwarded.go:13.31,15.2 1 0
github.com/cfunkhouser/forwarded/forwarded.go:19.32,21.2 1 0
github.com/cfunkhouser/forwarded/forwarded.go:25.33,27.2 1 0
github.com/cfunkhouser/forwarded/forwarded.go:31.34,33.2 1 0
github.com/cfunkhouser/forwarded/forwarded.go:54.52,55.49 1 1
github.com/cfunkhouser/forwarded/forwarded.go:59.2,59.8 1 1
github.com/cfunkhouser/forwarded/forwarded.go:55.49,58.3 2 1
github.com/cfunkhouser/forwarded/forwarded.go:62.52,63.50 1 1
github.com/cfunkhouser/forwarded/forwarded.go:67.2,67.8 1 1
github.com/cfunkhouser/forwarded/forwarded.go:63.50,66.3 2 1
github.com/cfunkhouser/forwarded/forwarded.go:70.56,71.51 1 1
github.com/cfunkhouser/forwarded/forwarded.go:74.2,74.8 1 1
github.com/cfunkhouser/forwarded/forwarded.go:71.51,73.3 1 1
github.com/cfunkhouser/forwarded/forwarded.go:77.58,78.52 1 1
github.com/cfunkhouser/forwarded/forwarded.go:81.2,81.8 1 1
github.com/cfunkhouser/forwarded/forwarded.go:78.52,80.3 1 1
github.com/cfunkhouser/forwarded/forwarded.go:101.53,102.42 1 1
github.com/cfunkhouser/forwarded/forwarded.go:120.2,120.8 1 1
github.com/cfunkhouser/forwarded/forwarded.go:102.42,103.80 1 1
github.com/cfunkhouser/forwarded/forwarded.go:103.80,105.4 1 1
github.com/cfunkhouser/forwarded/forwarded.go:105.6,106.57 1 1
github.com/cfunkhouser/forwarded/forwarded.go:106.57,107.21 1 1
github.com/cfunkhouser/forwarded/forwarded.go:108.16,109.39 1 1
github.com/cfunkhouser/forwarded/forwarded.go:110.15,111.37 1 1
github.com/cfunkhouser/forwarded/forwarded.go:112.17,113.23 1 1
github.com/cfunkhouser/forwarded/forwarded.go:114.18,115.24 1 1
github.com/cfunkhouser/forwarded/forwarded.go:123.56,124.46 1 1
github.com/cfunkhouser/forwarded/forwarded.go:127.2,127.8 1 1
github.com/cfunkhouser/forwarded/forwarded.go:124.46,126.3 1 1
github.com/cfunkhouser/forwarded/forwarded.go:130.56,131.47 1 1
github.com/cfunkhouser/forwarded/forwarded.go:134.2,134.8 1 1
github.com/cfunkhouser/forwarded/forwarded.go:131.47,133.3 1 1
github.com/cfunkhouser/forwarded/forwarded.go:137.53,139.2 1 1
github.com/cfunkhouser/forwarded/forwarded.go:141.54,143.2 1 1
